<?xml version="1.0" encoding="UTF-8"?>
<testng-results skipped="0" failed="0" ignored="0" total="1" passed="1">
  <reporter-output>
  </reporter-output>
  <suite name="Default suite" duration-ms="37" started-at="2018-06-25T07:37:35Z" finished-at="2018-06-25T07:37:35Z">
    <groups>
    </groups>
    <test name="Default test" duration-ms="37" started-at="2018-06-25T07:37:35Z" finished-at="2018-06-25T07:37:35Z">
      <class name="org.example.NewTest">
        <test-method status="PASS" signature="testAdd()[pri:0, instance:org.example.NewTest@d2cc05a]" name="testAdd" duration-ms="11" started-at="2018-06-25T07:37:35Z" finished-at="2018-06-25T07:37:35Z">
          <reporter-output>
          </reporter-output>
        </test-method> <!-- testAdd -->
      </class> <!-- org.example.NewTest -->
    </test> <!-- Default test -->
  </suite> <!-- Default suite -->
</testng-results>
